TN:
SF:src/features/Pokedex/hooks/usePokemonDetail.ts
FN:5,(anonymous_0)
FN:10,(anonymous_1)
FNF:2
FNH:1
FNDA:4,(anonymous_0)
FNDA:0,(anonymous_1)
DA:5,1
DA:6,4
DA:8,4
DA:10,0
LF:4
LH:3
BRF:0
BRH:0
end_of_record
TN:
SF:src/features/Pokedex/hooks/usePokemonList.ts
FN:5,(anonymous_0)
FN:10,(anonymous_1)
FN:12,(anonymous_2)
FNF:3
FNH:2
FNDA:3,(anonymous_0)
FNDA:0,(anonymous_1)
FNDA:2,(anonymous_2)
DA:5,1
DA:6,3
DA:8,3
DA:10,0
DA:13,2
DA:14,1
DA:15,1
DA:16,1
LF:8
LH:7
BRDA:10,0,0,0
BRDA:13,1,0,1
BRDA:13,1,1,1
BRDA:16,2,0,1
BRDA:16,2,1,0
BRF:5
BRH:3
end_of_record
TN:
SF:src/features/Trainer/constants/options.ts
FNF:0
FNH:0
DA:3,1
DA:4,1
LF:2
LH:2
BRF:0
BRH:0
end_of_record
TN:
SF:src/features/Trainer/utils/schemas.ts
FNF:0
FNH:0
DA:3,1
DA:19,1
LF:2
LH:2
BRF:0
BRH:0
end_of_record
